<?xml version="1.0" encoding="UTF-8"?>
<robot generator="Robot 4.0.3 (Python 3.9.5 on win32)" generated="20210622 19:54:32.146" rpa="false" schemaversion="2">
<suite id="s1" name="Busca" source="C:\Users\danielarc\Documents\Parodifood\busca.robot">
<test id="s1-t1" name="Deve buscar um único restaurante">
<kw name="Start Session" type="SETUP">
<msg timestamp="20210622 19:54:32.191" level="FAIL">No keyword with name 'Start Session' found.</msg>
<status status="FAIL" starttime="20210622 19:54:32.191" endtime="20210622 19:54:32.191"/>
</kw>
<kw name="Take Screenshot" type="TEARDOWN">
<msg timestamp="20210622 19:54:32.193" level="FAIL">No keyword with name 'Take Screenshot' found.</msg>
<status status="FAIL" starttime="20210622 19:54:32.193" endtime="20210622 19:54:32.193">No keyword with name 'Take Screenshot' found.</status>
</kw>
<status status="FAIL" starttime="20210622 19:54:32.190" endtime="20210622 19:54:32.193">Setup failed:
No keyword with name 'Start Session' found.

Also teardown failed:
No keyword with name 'Take Screenshot' found.</status>
</test>
<test id="s1-t2" name="Deve buscar por categoria">
<kw name="Start Session" type="SETUP">
<msg timestamp="20210622 19:54:32.196" level="FAIL">No keyword with name 'Start Session' found.</msg>
<status status="FAIL" starttime="20210622 19:54:32.196" endtime="20210622 19:54:32.196"/>
</kw>
<kw name="Take Screenshot" type="TEARDOWN">
<msg timestamp="20210622 19:54:32.198" level="FAIL">No keyword with name 'Take Screenshot' found.</msg>
<status status="FAIL" starttime="20210622 19:54:32.197" endtime="20210622 19:54:32.198">No keyword with name 'Take Screenshot' found.</status>
</kw>
<status status="FAIL" starttime="20210622 19:54:32.195" endtime="20210622 19:54:32.198">Setup failed:
No keyword with name 'Start Session' found.

Also teardown failed:
No keyword with name 'Take Screenshot' found.</status>
</test>
<test id="s1-t3" name="Devo buscar todos os restaurantes">
<kw name="Start Session" type="SETUP">
<msg timestamp="20210622 19:54:32.200" level="FAIL">No keyword with name 'Start Session' found.</msg>
<status status="FAIL" starttime="20210622 19:54:32.200" endtime="20210622 19:54:32.201"/>
</kw>
<kw name="Take Screenshot" type="TEARDOWN">
<msg timestamp="20210622 19:54:32.202" level="FAIL">No keyword with name 'Take Screenshot' found.</msg>
<status status="FAIL" starttime="20210622 19:54:32.202" endtime="20210622 19:54:32.202">No keyword with name 'Take Screenshot' found.</status>
</kw>
<status status="FAIL" starttime="20210622 19:54:32.199" endtime="20210622 19:54:32.202">Setup failed:
No keyword with name 'Start Session' found.

Also teardown failed:
No keyword with name 'Take Screenshot' found.</status>
</test>
<doc>Esse arquivo deveria estar dentro da pasta tests</doc>
<status status="FAIL" starttime="20210622 19:54:32.149" endtime="20210622 19:54:32.204"/>
</suite>
<statistics>
<total>
<stat pass="0" fail="3" skip="0">All Tests</stat>
</total>
<tag>
</tag>
<suite>
<stat pass="0" fail="3" skip="0" id="s1" name="Busca">Busca</stat>
</suite>
</statistics>
<errors>
<msg timestamp="20210622 19:54:32.187" level="ERROR">Error in file 'C:\Users\danielarc\Documents\Parodifood\busca.robot' on line 7: Resource file 'C:\Users\danielarc\Documents\Parodifood\Parodifood\resources\base.robot' does not exist.</msg>
</errors>
</robot>
