<?xml version="1.0" encoding="UTF-8"?>
<robot generator="Robot 4.0.3 (Python 3.9.5 on win32)" generated="20210621 17:32:19.644" rpa="false" schemaversion="2">
<suite id="s1" name="Busca" source="C:\Users\danielarc\Documents\Parodifood\busca.robot">
<test id="s1-t1" name="Buscar um Restaurante">
<status status="FAIL" starttime="20210621 17:32:21.212" endtime="20210621 17:32:21.217">Test case contains no keywords.</status>
</test>
<test id="s1-t2" name="New Browser">
<kw name="chromium">
<arg>False</arg>
<msg timestamp="20210621 17:32:21.226" level="FAIL">No keyword with name 'chromium' found.</msg>
<status status="FAIL" starttime="20210621 17:32:21.226" endtime="20210621 17:32:21.226"/>
</kw>
<status status="FAIL" starttime="20210621 17:32:21.222" endtime="20210621 17:32:21.226">No keyword with name 'chromium' found.</status>
</test>
<test id="s1-t3" name="New Page">
<kw name="http://parofifood.qaninja.academy/m">
<msg timestamp="20210621 17:32:21.236" level="FAIL">No keyword with name 'http://parofifood.qaninja.academy/m' found.</msg>
<status status="FAIL" starttime="20210621 17:32:21.235" endtime="20210621 17:32:21.236"/>
</kw>
<status status="FAIL" starttime="20210621 17:32:21.231" endtime="20210621 17:32:21.237">No keyword with name 'http://parofifood.qaninja.academy/m' found.</status>
</test>
<test id="s1-t4" name="Get Text">
<kw name="css=span">
<arg>contains</arg>
<arg>Nunca foi tão engraçado pedir comida</arg>
<msg timestamp="20210621 17:32:21.245" level="FAIL">No keyword with name 'css=span' found.</msg>
<status status="FAIL" starttime="20210621 17:32:21.245" endtime="20210621 17:32:21.245"/>
</kw>
<status status="FAIL" starttime="20210621 17:32:21.241" endtime="20210621 17:32:21.245">No keyword with name 'css=span' found.</status>
</test>
<test id="s1-t5" name="Click">
<kw name="text=Estou com fome!">
<msg timestamp="20210621 17:32:21.255" level="FAIL">No keyword with name 'text=Estou com fome!' found.</msg>
<status status="FAIL" starttime="20210621 17:32:21.255" endtime="20210621 17:32:21.255"/>
</kw>
<status status="FAIL" starttime="20210621 17:32:21.249" endtime="20210621 17:32:21.255">No keyword with name 'text=Estou com fome!' found.</status>
</test>
<test id="s1-t6" name="Get Text">
<kw name="css=h1 strong">
<arg>contains</arg>
<arg>Ta na hora de matar a fome!</arg>
<msg timestamp="20210621 17:32:21.270" level="FAIL">No keyword with name 'css=h1 strong' found.</msg>
<status status="FAIL" starttime="20210621 17:32:21.270" endtime="20210621 17:32:21.270"/>
</kw>
<status status="FAIL" starttime="20210621 17:32:21.259" endtime="20210621 17:32:21.271">No keyword with name 'css=h1 strong' found.</status>
</test>
<test id="s1-t7" name="Click">
<kw name="css=.search-link">
<msg timestamp="20210621 17:32:21.286" level="FAIL">No keyword with name 'css=.search-link' found.</msg>
<status status="FAIL" starttime="20210621 17:32:21.286" endtime="20210621 17:32:21.286"/>
</kw>
<status status="FAIL" starttime="20210621 17:32:21.274" endtime="20210621 17:32:21.286">No keyword with name 'css=.search-link' found.</status>
</test>
<test id="s1-t8" name="Fill Text">
<kw name="css=input[formcontrolname=&quot;searchControl&quot;]">
<arg>Debuger</arg>
<msg timestamp="20210621 17:32:21.299" level="FAIL">No keyword with name 'css=input[formcontrolname="searchControl"]' found.</msg>
<status status="FAIL" starttime="20210621 17:32:21.299" endtime="20210621 17:32:21.299"/>
</kw>
<status status="FAIL" starttime="20210621 17:32:21.289" endtime="20210621 17:32:21.300">No keyword with name 'css=input[formcontrolname="searchControl"]' found.</status>
</test>
<test id="s1-t9" name="Wait For Elements State">
<kw name="css=.place-info-box">
<arg>visible</arg>
<arg>10</arg>
<msg timestamp="20210621 17:32:21.307" level="FAIL">No keyword with name 'css=.place-info-box' found.</msg>
<status status="FAIL" starttime="20210621 17:32:21.307" endtime="20210621 17:32:21.307"/>
</kw>
<status status="FAIL" starttime="20210621 17:32:21.303" endtime="20210621 17:32:21.308">No keyword with name 'css=.place-info-box' found.</status>
</test>
<test id="s1-t10" name="Get Text">
<kw name="css=.place-info-box">
<arg>contains</arg>
<arg>DEBUGER KING</arg>
<msg timestamp="20210621 17:32:21.321" level="FAIL">No keyword with name 'css=.place-info-box' found.</msg>
<status status="FAIL" starttime="20210621 17:32:21.321" endtime="20210621 17:32:21.321"/>
</kw>
<status status="FAIL" starttime="20210621 17:32:21.316" endtime="20210621 17:32:21.321">No keyword with name 'css=.place-info-box' found.</status>
</test>
<status status="FAIL" starttime="20210621 17:32:19.647" endtime="20210621 17:32:21.325"/>
</suite>
<statistics>
<total>
<stat pass="0" fail="10" skip="0">All Tests</stat>
</total>
<tag>
</tag>
<suite>
<stat pass="0" fail="10" skip="0" id="s1" name="Busca">Busca</stat>
</suite>
</statistics>
<errors>
<msg timestamp="20210621 17:32:21.258" level="WARN">Multiple test cases with name 'Get Text' executed in test suite 'Busca'.</msg>
<msg timestamp="20210621 17:32:21.274" level="WARN">Multiple test cases with name 'Click' executed in test suite 'Busca'.</msg>
<msg timestamp="20210621 17:32:21.315" level="WARN">Multiple test cases with name 'Get Text' executed in test suite 'Busca'.</msg>
</errors>
</robot>
